begin_time: 1633883833.8085501
| epoch   1 |   200/ 2983 batches | lr 0.00 | ms/batch 14.83 | loss  7.28 | ppl  1447.28
| epoch   1 |   400/ 2983 batches | lr 0.00 | ms/batch 10.14 | loss  6.81 | ppl   909.33
| epoch   1 |   600/ 2983 batches | lr 0.00 | ms/batch  9.52 | loss  6.48 | ppl   649.36
| epoch   1 |   800/ 2983 batches | lr 0.00 | ms/batch  9.61 | loss  6.37 | ppl   582.85
| epoch   1 |  1000/ 2983 batches | lr 0.00 | ms/batch  9.86 | loss  6.27 | ppl   525.91
| epoch   1 |  1200/ 2983 batches | lr 0.00 | ms/batch  9.91 | loss  6.22 | ppl   505.00
| epoch   1 |  1400/ 2983 batches | lr 0.00 | ms/batch  9.57 | loss  6.16 | ppl   474.08
| epoch   1 |  1600/ 2983 batches | lr 0.00 | ms/batch  9.58 | loss  6.14 | ppl   465.60
| epoch   1 |  1800/ 2983 batches | lr 0.00 | ms/batch  9.58 | loss  6.04 | ppl   418.57
| epoch   1 |  2000/ 2983 batches | lr 0.00 | ms/batch  9.63 | loss  6.04 | ppl   418.47
| epoch   1 |  2200/ 2983 batches | lr 0.00 | ms/batch  9.55 | loss  5.93 | ppl   376.48
| epoch   1 |  2400/ 2983 batches | lr 0.00 | ms/batch 10.12 | loss  5.92 | ppl   371.55
| epoch   1 |  2600/ 2983 batches | lr 0.00 | ms/batch 10.05 | loss  5.92 | ppl   371.43
| epoch   1 |  2800/ 2983 batches | lr 0.00 | ms/batch 10.18 | loss  5.83 | ppl   338.70
-----------------------------------------------------------------------------------------
| end of epoch   1 | time: 31.76s | valid loss  5.74 | valid ppl   310.12
-----------------------------------------------------------------------------------------
| epoch   2 |   200/ 2983 batches | lr 0.00 | ms/batch  9.50 | loss  5.76 | ppl   317.97
| epoch   2 |   400/ 2983 batches | lr 0.00 | ms/batch  9.53 | loss  5.77 | ppl   320.94
| epoch   2 |   600/ 2983 batches | lr 0.00 | ms/batch  9.41 | loss  5.69 | ppl   297.14
| epoch   2 |   800/ 2983 batches | lr 0.00 | ms/batch  9.36 | loss  5.71 | ppl   302.25
| epoch   2 |  1000/ 2983 batches | lr 0.00 | ms/batch  9.41 | loss  5.68 | ppl   292.79
| epoch   2 |  1200/ 2983 batches | lr 0.00 | ms/batch  9.39 | loss  5.68 | ppl   293.01
| epoch   2 |  1400/ 2983 batches | lr 0.00 | ms/batch  9.40 | loss  5.68 | ppl   292.23
| epoch   2 |  1600/ 2983 batches | lr 0.00 | ms/batch  9.42 | loss  5.71 | ppl   301.83
| epoch   2 |  1800/ 2983 batches | lr 0.00 | ms/batch  9.48 | loss  5.59 | ppl   268.64
| epoch   2 |  2000/ 2983 batches | lr 0.00 | ms/batch  9.42 | loss  5.63 | ppl   277.40
| epoch   2 |  2200/ 2983 batches | lr 0.00 | ms/batch  9.90 | loss  5.54 | ppl   253.46
| epoch   2 |  2400/ 2983 batches | lr 0.00 | ms/batch  9.69 | loss  5.56 | ppl   258.60
| epoch   2 |  2600/ 2983 batches | lr 0.00 | ms/batch  9.51 | loss  5.57 | ppl   261.64
| epoch   2 |  2800/ 2983 batches | lr 0.00 | ms/batch 10.01 | loss  5.48 | ppl   239.90
-----------------------------------------------------------------------------------------
| end of epoch   2 | time: 30.20s | valid loss  5.48 | valid ppl   240.87
-----------------------------------------------------------------------------------------
| epoch   3 |   200/ 2983 batches | lr 0.00 | ms/batch 10.06 | loss  5.47 | ppl   236.55
| epoch   3 |   400/ 2983 batches | lr 0.00 | ms/batch  9.54 | loss  5.52 | ppl   249.70
| epoch   3 |   600/ 2983 batches | lr 0.00 | ms/batch 10.28 | loss  5.43 | ppl   227.94
| epoch   3 |   800/ 2983 batches | lr 0.00 | ms/batch  9.80 | loss  5.46 | ppl   235.19
| epoch   3 |  1000/ 2983 batches | lr 0.00 | ms/batch  9.54 | loss  5.44 | ppl   231.14
| epoch   3 |  1200/ 2983 batches | lr 0.00 | ms/batch  9.39 | loss  5.44 | ppl   229.54
| epoch   3 |  1400/ 2983 batches | lr 0.00 | ms/batch  9.41 | loss  5.45 | ppl   233.35
| epoch   3 |  1600/ 2983 batches | lr 0.00 | ms/batch  9.39 | loss  5.50 | ppl   244.76
| epoch   3 |  1800/ 2983 batches | lr 0.00 | ms/batch  9.38 | loss  5.39 | ppl   218.89
| epoch   3 |  2000/ 2983 batches | lr 0.00 | ms/batch  9.34 | loss  5.42 | ppl   225.08
| epoch   3 |  2200/ 2983 batches | lr 0.00 | ms/batch  9.36 | loss  5.32 | ppl   205.28
| epoch   3 |  2400/ 2983 batches | lr 0.00 | ms/batch  9.69 | loss  5.36 | ppl   211.67
| epoch   3 |  2600/ 2983 batches | lr 0.00 | ms/batch  9.69 | loss  5.38 | ppl   216.63
| epoch   3 |  2800/ 2983 batches | lr 0.00 | ms/batch  9.91 | loss  5.29 | ppl   198.73
-----------------------------------------------------------------------------------------
| end of epoch   3 | time: 30.26s | valid loss  5.33 | valid ppl   206.68
-----------------------------------------------------------------------------------------
| epoch   4 |   200/ 2983 batches | lr 0.00 | ms/batch  9.77 | loss  5.29 | ppl   198.33
| epoch   4 |   400/ 2983 batches | lr 0.00 | ms/batch  9.51 | loss  5.38 | ppl   216.33
| epoch   4 |   600/ 2983 batches | lr 0.00 | ms/batch  9.76 | loss  5.26 | ppl   192.51
| epoch   4 |   800/ 2983 batches | lr 0.00 | ms/batch 10.04 | loss  5.30 | ppl   201.09
| epoch   4 |  1000/ 2983 batches | lr 0.00 | ms/batch 10.06 | loss  5.29 | ppl   199.33
| epoch   4 |  1200/ 2983 batches | lr 0.00 | ms/batch 10.97 | loss  5.30 | ppl   201.11
| epoch   4 |  1400/ 2983 batches | lr 0.00 | ms/batch 10.71 | loss  5.32 | ppl   204.20
| epoch   4 |  1600/ 2983 batches | lr 0.00 | ms/batch 10.08 | loss  5.38 | ppl   216.72
| epoch   4 |  1800/ 2983 batches | lr 0.00 | ms/batch 10.90 | loss  5.26 | ppl   192.88
| epoch   4 |  2000/ 2983 batches | lr 0.00 | ms/batch 10.13 | loss  5.28 | ppl   197.27
| epoch   4 |  2200/ 2983 batches | lr 0.00 | ms/batch  9.54 | loss  5.20 | ppl   180.50
| epoch   4 |  2400/ 2983 batches | lr 0.00 | ms/batch  9.48 | loss  5.23 | ppl   187.10
| epoch   4 |  2600/ 2983 batches | lr 0.00 | ms/batch  9.66 | loss  5.26 | ppl   193.30
| epoch   4 |  2800/ 2983 batches | lr 0.00 | ms/batch 10.50 | loss  5.18 | ppl   176.94
-----------------------------------------------------------------------------------------
| end of epoch   4 | time: 31.61s | valid loss  5.25 | valid ppl   189.96
-----------------------------------------------------------------------------------------
| epoch   5 |   200/ 2983 batches | lr 0.00 | ms/batch 10.33 | loss  5.18 | ppl   178.14
| epoch   5 |   400/ 2983 batches | lr 0.00 | ms/batch 11.17 | loss  5.28 | ppl   196.25
| epoch   5 |   600/ 2983 batches | lr 0.00 | ms/batch 10.83 | loss  5.15 | ppl   172.44
| epoch   5 |   800/ 2983 batches | lr 0.00 | ms/batch 10.94 | loss  5.20 | ppl   181.57
| epoch   5 |  1000/ 2983 batches | lr 0.00 | ms/batch  9.93 | loss  5.20 | ppl   180.83
| epoch   5 |  1200/ 2983 batches | lr 0.00 | ms/batch  9.78 | loss  5.21 | ppl   183.13
| epoch   5 |  1400/ 2983 batches | lr 0.00 | ms/batch  9.76 | loss  5.23 | ppl   186.66
| epoch   5 |  1600/ 2983 batches | lr 0.00 | ms/batch 10.68 | loss  5.29 | ppl   197.94
| epoch   5 |  1800/ 2983 batches | lr 0.00 | ms/batch 12.07 | loss  5.18 | ppl   177.08
| epoch   5 |  2000/ 2983 batches | lr 0.00 | ms/batch 11.11 | loss  5.20 | ppl   182.09
| epoch   5 |  2200/ 2983 batches | lr 0.00 | ms/batch 10.82 | loss  5.11 | ppl   165.77
| epoch   5 |  2400/ 2983 batches | lr 0.00 | ms/batch 10.44 | loss  5.15 | ppl   172.04
| epoch   5 |  2600/ 2983 batches | lr 0.00 | ms/batch 11.25 | loss  5.18 | ppl   177.96
| epoch   5 |  2800/ 2983 batches | lr 0.00 | ms/batch 10.77 | loss  5.10 | ppl   163.50
-----------------------------------------------------------------------------------------
| end of epoch   5 | time: 34.32s | valid loss  5.18 | valid ppl   177.85
-----------------------------------------------------------------------------------------
| epoch   6 |   200/ 2983 batches | lr 0.00 | ms/batch 10.53 | loss  5.11 | ppl   165.34
| epoch   6 |   400/ 2983 batches | lr 0.00 | ms/batch 10.54 | loss  5.21 | ppl   182.26
| epoch   6 |   600/ 2983 batches | lr 0.00 | ms/batch 10.51 | loss  5.07 | ppl   159.76
| epoch   6 |   800/ 2983 batches | lr 0.00 | ms/batch 10.91 | loss  5.13 | ppl   168.96
| epoch   6 |  1000/ 2983 batches | lr 0.00 | ms/batch 10.92 | loss  5.13 | ppl   168.67
| epoch   6 |  1200/ 2983 batches | lr 0.00 | ms/batch 11.46 | loss  5.14 | ppl   171.09
| epoch   6 |  1400/ 2983 batches | lr 0.00 | ms/batch 11.84 | loss  5.16 | ppl   174.57
| epoch   6 |  1600/ 2983 batches | lr 0.00 | ms/batch 10.49 | loss  5.23 | ppl   186.01
| epoch   6 |  1800/ 2983 batches | lr 0.00 | ms/batch 11.01 | loss  5.11 | ppl   166.20
| epoch   6 |  2000/ 2983 batches | lr 0.00 | ms/batch 10.81 | loss  5.15 | ppl   171.58
| epoch   6 |  2200/ 2983 batches | lr 0.00 | ms/batch 12.21 | loss  5.04 | ppl   155.00
| epoch   6 |  2400/ 2983 batches | lr 0.00 | ms/batch 13.96 | loss  5.08 | ppl   160.89
| epoch   6 |  2600/ 2983 batches | lr 0.00 | ms/batch 12.98 | loss  5.12 | ppl   167.16
| epoch   6 |  2800/ 2983 batches | lr 0.00 | ms/batch 12.69 | loss  5.04 | ppl   153.72
-----------------------------------------------------------------------------------------
| end of epoch   6 | time: 36.50s | valid loss  5.15 | valid ppl   171.77
-----------------------------------------------------------------------------------------
end_time: 1633884029.1387064
time_cost: 195.33015632629395
=========================================================================================
| End of training | test loss  5.06 | test ppl   157.90
=========================================================================================